{"/media/marcus/Dados/Projetos/React/Native/coodesh-mobile/src/assets/pharma.png": {"path":"/media/marcus/Dados/Projetos/React/Native/coodesh-mobile/src/assets/pharma.png","statementMap":{"0":{"start":{"line":1,"column":0},"end":{"line":1,"column":19}}},"fnMap":{},"branchMap":{},"s":{"0":1},"f":{},"b":{},"inputSourceMap":null,"_coverageSchema":"1a1c01bbd47fc00a2c39e90264f33305004495a9","hash":"3e244222f92c7d3ad9ee87d071a77db7f666f726"}
,"/media/marcus/Dados/Projetos/React/Native/coodesh-mobile/src/components/Item/index.js": {"path":"/media/marcus/Dados/Projetos/React/Native/coodesh-mobile/src/components/Item/index.js","statementMap":{"0":{"start":{"line":15,"column":13},"end":{"line":50,"column":1}},"1":{"start":{"line":16,"column":25},"end":{"line":16,"column":37}},"2":{"start":{"line":17,"column":48},"end":{"line":17,"column":52}},"3":{"start":{"line":19,"column":33},"end":{"line":22,"column":3}},"4":{"start":{"line":20,"column":4},"end":{"line":20,"column":21}},"5":{"start":{"line":21,"column":4},"end":{"line":21,"column":16}},"6":{"start":{"line":24,"column":2},"end":{"line":49,"column":4}}},"fnMap":{"0":{"name":"(anonymous_0)","decl":{"start":{"line":15,"column":13},"end":{"line":15,"column":14}},"loc":{"start":{"line":15,"column":38},"end":{"line":50,"column":1}},"line":15},"1":{"name":"(anonymous_1)","decl":{"start":{"line":19,"column":33},"end":{"line":19,"column":34}},"loc":{"start":{"line":19,"column":39},"end":{"line":22,"column":3}},"line":19}},"branchMap":{},"s":{"0":1,"1":30,"2":30,"3":30,"4":0,"5":0,"6":30},"f":{"0":30,"1":0},"b":{},"_coverageSchema":"1a1c01bbd47fc00a2c39e90264f33305004495a9","hash":"f76d65a95d459ad504f7afb4c8e637910f5ae671"}
,"/media/marcus/Dados/Projetos/React/Native/coodesh-mobile/src/components/Item/styles/item.js": {"path":"/media/marcus/Dados/Projetos/React/Native/coodesh-mobile/src/components/Item/styles/item.js","statementMap":{"0":{"start":{"line":3,"column":25},"end":{"line":14,"column":1}},"1":{"start":{"line":16,"column":30},"end":{"line":18,"column":1}},"2":{"start":{"line":20,"column":21},"end":{"line":24,"column":1}},"3":{"start":{"line":26,"column":31},"end":{"line":28,"column":1}},"4":{"start":{"line":30,"column":21},"end":{"line":34,"column":1}},"5":{"start":{"line":36,"column":27},"end":{"line":40,"column":1}},"6":{"start":{"line":42,"column":26},"end":{"line":45,"column":1}}},"fnMap":{},"branchMap":{},"s":{"0":1,"1":1,"2":1,"3":1,"4":1,"5":1,"6":1},"f":{},"b":{},"_coverageSchema":"1a1c01bbd47fc00a2c39e90264f33305004495a9","hash":"5cd76cc01095f71434c6f137e143ff0e8953d3b8"}
,"/media/marcus/Dados/Projetos/React/Native/coodesh-mobile/src/components/ListItems/index.js": {"path":"/media/marcus/Dados/Projetos/React/Native/coodesh-mobile/src/components/ListItems/index.js","statementMap":{"0":{"start":{"line":10,"column":18},"end":{"line":56,"column":1}},"1":{"start":{"line":11,"column":50},"end":{"line":11,"column":62}},"2":{"start":{"line":13,"column":13},"end":{"line":13,"column":50}},"3":{"start":{"line":15,"column":2},"end":{"line":15,"column":27}},"4":{"start":{"line":16,"column":19},"end":{"line":16,"column":31}},"5":{"start":{"line":18,"column":20},"end":{"line":20,"column":3}},"6":{"start":{"line":19,"column":4},"end":{"line":19,"column":29}},"7":{"start":{"line":22,"column":2},"end":{"line":55,"column":4}},"8":{"start":{"line":30,"column":10},"end":{"line":30,"column":60}},"9":{"start":{"line":32,"column":32},"end":{"line":32,"column":47}},"10":{"start":{"line":35,"column":34},"end":{"line":35,"column":61}},"11":{"start":{"line":42,"column":10},"end":{"line":42,"column":45}},"12":{"start":{"line":42,"column":33},"end":{"line":42,"column":45}},"13":{"start":{"line":44,"column":10},"end":{"line":44,"column":45}},"14":{"start":{"line":44,"column":33},"end":{"line":44,"column":45}},"15":{"start":{"line":45,"column":10},"end":{"line":49,"column":12}}},"fnMap":{"0":{"name":"(anonymous_0)","decl":{"start":{"line":10,"column":18},"end":{"line":10,"column":19}},"loc":{"start":{"line":10,"column":24},"end":{"line":56,"column":1}},"line":10},"1":{"name":"(anonymous_1)","decl":{"start":{"line":18,"column":20},"end":{"line":18,"column":21}},"loc":{"start":{"line":18,"column":26},"end":{"line":20,"column":3}},"line":18},"2":{"name":"(anonymous_2)","decl":{"start":{"line":29,"column":20},"end":{"line":29,"column":21}},"loc":{"start":{"line":29,"column":34},"end":{"line":31,"column":9}},"line":29},"3":{"name":"(anonymous_3)","decl":{"start":{"line":32,"column":22},"end":{"line":32,"column":23}},"loc":{"start":{"line":32,"column":32},"end":{"line":32,"column":47}},"line":32},"4":{"name":"(anonymous_4)","decl":{"start":{"line":35,"column":28},"end":{"line":35,"column":29}},"loc":{"start":{"line":35,"column":34},"end":{"line":35,"column":61}},"line":35},"5":{"name":"(anonymous_5)","decl":{"start":{"line":36,"column":29},"end":{"line":36,"column":30}},"loc":{"start":{"line":36,"column":35},"end":{"line":50,"column":9}},"line":36}},"branchMap":{"0":{"loc":{"start":{"line":13,"column":13},"end":{"line":13,"column":50}},"type":"cond-expr","locations":[{"start":{"line":13,"column":33},"end":{"line":13,"column":39}},{"start":{"line":13,"column":42},"end":{"line":13,"column":50}}],"line":13},"1":{"loc":{"start":{"line":42,"column":10},"end":{"line":42,"column":45}},"type":"if","locations":[{"start":{"line":42,"column":10},"end":{"line":42,"column":45}},{"start":{},"end":{}}],"line":42},"2":{"loc":{"start":{"line":44,"column":10},"end":{"line":44,"column":45}},"type":"if","locations":[{"start":{"line":44,"column":10},"end":{"line":44,"column":45}},{"start":{},"end":{}}],"line":44}},"s":{"0":1,"1":6,"2":6,"3":6,"4":6,"5":6,"6":0,"7":6,"8":30,"9":30,"10":3,"11":6,"12":0,"13":6,"14":3,"15":3},"f":{"0":6,"1":0,"2":30,"3":30,"4":3,"5":6},"b":{"0":[0,6],"1":[0,6],"2":[3,3]},"_coverageSchema":"1a1c01bbd47fc00a2c39e90264f33305004495a9","hash":"cf47dc21d78eb2778fc0f4cdcb757c9d5e34802f"}
,"/media/marcus/Dados/Projetos/React/Native/coodesh-mobile/src/components/ListItems/styles/listItems.js": {"path":"/media/marcus/Dados/Projetos/React/Native/coodesh-mobile/src/components/ListItems/styles/listItems.js","statementMap":{"0":{"start":{"line":3,"column":25},"end":{"line":6,"column":1}},"1":{"start":{"line":8,"column":31},"end":{"line":13,"column":1}},"2":{"start":{"line":15,"column":22},"end":{"line":22,"column":1}},"3":{"start":{"line":24,"column":23},"end":{"line":29,"column":1}}},"fnMap":{},"branchMap":{},"s":{"0":1,"1":1,"2":1,"3":1},"f":{},"b":{},"_coverageSchema":"1a1c01bbd47fc00a2c39e90264f33305004495a9","hash":"e97c47ff239475c1527fc0ebb785607ed92a0696"}
,"/media/marcus/Dados/Projetos/React/Native/coodesh-mobile/src/components/Modal/index.js": {"path":"/media/marcus/Dados/Projetos/React/Native/coodesh-mobile/src/components/Modal/index.js","statementMap":{"0":{"start":{"line":31,"column":14},"end":{"line":57,"column":1}},"1":{"start":{"line":32,"column":22},"end":{"line":32,"column":34}},"2":{"start":{"line":33,"column":2},"end":{"line":56,"column":4}},"3":{"start":{"line":40,"column":27},"end":{"line":40,"column":52}}},"fnMap":{"0":{"name":"(anonymous_0)","decl":{"start":{"line":31,"column":14},"end":{"line":31,"column":15}},"loc":{"start":{"line":31,"column":32},"end":{"line":57,"column":1}},"line":31},"1":{"name":"(anonymous_1)","decl":{"start":{"line":40,"column":21},"end":{"line":40,"column":22}},"loc":{"start":{"line":40,"column":27},"end":{"line":40,"column":52}},"line":40}},"branchMap":{},"s":{"0":1,"1":6,"2":6,"3":0},"f":{"0":6,"1":0},"b":{},"_coverageSchema":"1a1c01bbd47fc00a2c39e90264f33305004495a9","hash":"8b7e491699725ee736345cbc9c803f84f935d67b"}
,"/media/marcus/Dados/Projetos/React/Native/coodesh-mobile/src/components/Modal/styles/modal.js": {"path":"/media/marcus/Dados/Projetos/React/Native/coodesh-mobile/src/components/Modal/styles/modal.js","statementMap":{"0":{"start":{"line":3,"column":25},"end":{"line":10,"column":1}},"1":{"start":{"line":12,"column":21},"end":{"line":16,"column":1}},"2":{"start":{"line":18,"column":21},"end":{"line":22,"column":1}},"3":{"start":{"line":24,"column":21},"end":{"line":31,"column":1}},"4":{"start":{"line":33,"column":36},"end":{"line":33,"column":49}},"5":{"start":{"line":35,"column":27},"end":{"line":41,"column":1}}},"fnMap":{},"branchMap":{},"s":{"0":1,"1":1,"2":1,"3":1,"4":1,"5":1},"f":{},"b":{},"_coverageSchema":"1a1c01bbd47fc00a2c39e90264f33305004495a9","hash":"d4f6653568ccfe7b1c4d0f4e7f3bde4e8ea54d98"}
,"/media/marcus/Dados/Projetos/React/Native/coodesh-mobile/src/components/Search/index.js": {"path":"/media/marcus/Dados/Projetos/React/Native/coodesh-mobile/src/components/Search/index.js","statementMap":{"0":{"start":{"line":6,"column":15},"end":{"line":39,"column":1}},"1":{"start":{"line":7,"column":30},"end":{"line":7,"column":42}},"2":{"start":{"line":9,"column":29},"end":{"line":9,"column":41}},"3":{"start":{"line":11,"column":23},"end":{"line":13,"column":3}},"4":{"start":{"line":12,"column":4},"end":{"line":12,"column":27}},"5":{"start":{"line":14,"column":2},"end":{"line":38,"column":4}},"6":{"start":{"line":21,"column":34},"end":{"line":21,"column":49}},"7":{"start":{"line":31,"column":23},"end":{"line":31,"column":45}}},"fnMap":{"0":{"name":"(anonymous_0)","decl":{"start":{"line":6,"column":15},"end":{"line":6,"column":16}},"loc":{"start":{"line":6,"column":21},"end":{"line":39,"column":1}},"line":6},"1":{"name":"(anonymous_1)","decl":{"start":{"line":11,"column":23},"end":{"line":11,"column":24}},"loc":{"start":{"line":11,"column":29},"end":{"line":13,"column":3}},"line":11},"2":{"name":"(anonymous_2)","decl":{"start":{"line":21,"column":24},"end":{"line":21,"column":25}},"loc":{"start":{"line":21,"column":34},"end":{"line":21,"column":49}},"line":21},"3":{"name":"(anonymous_3)","decl":{"start":{"line":31,"column":17},"end":{"line":31,"column":18}},"loc":{"start":{"line":31,"column":23},"end":{"line":31,"column":45}},"line":31}},"branchMap":{},"s":{"0":1,"1":7,"2":7,"3":7,"4":0,"5":7,"6":1,"7":1},"f":{"0":7,"1":0,"2":1,"3":1},"b":{},"_coverageSchema":"1a1c01bbd47fc00a2c39e90264f33305004495a9","hash":"362fd25f85516a46dc265cac929236dea8de4fa6"}
,"/media/marcus/Dados/Projetos/React/Native/coodesh-mobile/src/components/Search/styles/search.js": {"path":"/media/marcus/Dados/Projetos/React/Native/coodesh-mobile/src/components/Search/styles/search.js","statementMap":{"0":{"start":{"line":3,"column":25},"end":{"line":8,"column":1}},"1":{"start":{"line":10,"column":22},"end":{"line":10,"column":47}},"2":{"start":{"line":12,"column":30},"end":{"line":14,"column":1}},"3":{"start":{"line":16,"column":21},"end":{"line":25,"column":1}}},"fnMap":{},"branchMap":{},"s":{"0":1,"1":1,"2":1,"3":1},"f":{},"b":{},"_coverageSchema":"1a1c01bbd47fc00a2c39e90264f33305004495a9","hash":"5bbb62212edf28835aff48f001389841400cae78"}
,"/media/marcus/Dados/Projetos/React/Native/coodesh-mobile/src/components/Splash/index.js": {"path":"/media/marcus/Dados/Projetos/React/Native/coodesh-mobile/src/components/Splash/index.js","statementMap":{"0":{"start":{"line":5,"column":15},"end":{"line":11,"column":1}},"1":{"start":{"line":6,"column":2},"end":{"line":10,"column":4}}},"fnMap":{"0":{"name":"(anonymous_0)","decl":{"start":{"line":5,"column":15},"end":{"line":5,"column":16}},"loc":{"start":{"line":5,"column":21},"end":{"line":11,"column":1}},"line":5}},"branchMap":{},"s":{"0":1,"1":0},"f":{"0":0},"b":{},"_coverageSchema":"1a1c01bbd47fc00a2c39e90264f33305004495a9","hash":"c35147d7a250ff493216ef62f132026837930f19"}
,"/media/marcus/Dados/Projetos/React/Native/coodesh-mobile/src/components/Splash/styles/splash.js": {"path":"/media/marcus/Dados/Projetos/React/Native/coodesh-mobile/src/components/Splash/styles/splash.js","statementMap":{"0":{"start":{"line":3,"column":25},"end":{"line":7,"column":1}},"1":{"start":{"line":9,"column":21},"end":{"line":9,"column":35}}},"fnMap":{},"branchMap":{},"s":{"0":1,"1":1},"f":{},"b":{},"_coverageSchema":"1a1c01bbd47fc00a2c39e90264f33305004495a9","hash":"6c8629bdd9533c256e8f7a5b0ff4a668c972ef53"}
,"/media/marcus/Dados/Projetos/React/Native/coodesh-mobile/src/context/pacient.js": {"path":"/media/marcus/Dados/Projetos/React/Native/coodesh-mobile/src/context/pacient.js","statementMap":{"0":{"start":{"line":8,"column":30},"end":{"line":8,"column":51}},"1":{"start":{"line":10,"column":26},"end":{"line":16,"column":1}},"2":{"start":{"line":11,"column":18},"end":{"line":11,"column":44}},"3":{"start":{"line":12,"column":2},"end":{"line":14,"column":3}},"4":{"start":{"line":13,"column":4},"end":{"line":13,"column":68}},"5":{"start":{"line":15,"column":2},"end":{"line":15,"column":17}},"6":{"start":{"line":18,"column":31},"end":{"line":103,"column":1}},"7":{"start":{"line":19,"column":34},"end":{"line":19,"column":46}},"8":{"start":{"line":20,"column":32},"end":{"line":20,"column":44}},"9":{"start":{"line":21,"column":30},"end":{"line":21,"column":42}},"10":{"start":{"line":22,"column":32},"end":{"line":22,"column":46}},"11":{"start":{"line":23,"column":26},"end":{"line":23,"column":37}},"12":{"start":{"line":24,"column":26},"end":{"line":24,"column":41}},"13":{"start":{"line":26,"column":22},"end":{"line":35,"column":3}},"14":{"start":{"line":27,"column":4},"end":{"line":27,"column":21}},"15":{"start":{"line":28,"column":33},"end":{"line":31,"column":6}},"16":{"start":{"line":32,"column":4},"end":{"line":32,"column":22}},"17":{"start":{"line":33,"column":4},"end":{"line":33,"column":24}},"18":{"start":{"line":34,"column":4},"end":{"line":34,"column":22}},"19":{"start":{"line":37,"column":2},"end":{"line":40,"column":9}},"20":{"start":{"line":38,"column":4},"end":{"line":38,"column":40}},"21":{"start":{"line":39,"column":4},"end":{"line":39,"column":18}},"22":{"start":{"line":42,"column":25},"end":{"line":54,"column":3}},"23":{"start":{"line":43,"column":4},"end":{"line":46,"column":5}},"24":{"start":{"line":44,"column":6},"end":{"line":44,"column":20}},"25":{"start":{"line":45,"column":6},"end":{"line":45,"column":13}},"26":{"start":{"line":47,"column":17},"end":{"line":50,"column":6}},"27":{"start":{"line":52,"column":20},"end":{"line":52,"column":66}},"28":{"start":{"line":52,"column":54},"end":{"line":52,"column":65}},"29":{"start":{"line":53,"column":4},"end":{"line":53,"column":23}},"30":{"start":{"line":56,"column":27},"end":{"line":66,"column":3}},"31":{"start":{"line":57,"column":4},"end":{"line":60,"column":5}},"32":{"start":{"line":58,"column":6},"end":{"line":58,"column":22}},"33":{"start":{"line":59,"column":6},"end":{"line":59,"column":54}},"34":{"start":{"line":59,"column":37},"end":{"line":59,"column":52}},"35":{"start":{"line":62,"column":4},"end":{"line":65,"column":5}},"36":{"start":{"line":63,"column":6},"end":{"line":63,"column":21}},"37":{"start":{"line":64,"column":6},"end":{"line":64,"column":54}},"38":{"start":{"line":64,"column":37},"end":{"line":64,"column":52}},"39":{"start":{"line":68,"column":19},"end":{"line":80,"column":3}},"40":{"start":{"line":69,"column":4},"end":{"line":69,"column":34}},"41":{"start":{"line":69,"column":27},"end":{"line":69,"column":34}},"42":{"start":{"line":71,"column":4},"end":{"line":71,"column":32}},"43":{"start":{"line":73,"column":4},"end":{"line":73,"column":22}},"44":{"start":{"line":74,"column":33},"end":{"line":77,"column":6}},"45":{"start":{"line":78,"column":4},"end":{"line":78,"column":52}},"46":{"start":{"line":78,"column":29},"end":{"line":78,"column":50}},"47":{"start":{"line":79,"column":4},"end":{"line":79,"column":24}},"48":{"start":{"line":82,"column":2},"end":{"line":84,"column":3}},"49":{"start":{"line":83,"column":4},"end":{"line":83,"column":22}},"50":{"start":{"line":86,"column":2},"end":{"line":102,"column":4}}},"fnMap":{"0":{"name":"(anonymous_0)","decl":{"start":{"line":10,"column":26},"end":{"line":10,"column":27}},"loc":{"start":{"line":10,"column":32},"end":{"line":16,"column":1}},"line":10},"1":{"name":"(anonymous_1)","decl":{"start":{"line":18,"column":31},"end":{"line":18,"column":32}},"loc":{"start":{"line":18,"column":49},"end":{"line":103,"column":1}},"line":18},"2":{"name":"(anonymous_2)","decl":{"start":{"line":26,"column":22},"end":{"line":26,"column":23}},"loc":{"start":{"line":26,"column":34},"end":{"line":35,"column":3}},"line":26},"3":{"name":"(anonymous_3)","decl":{"start":{"line":37,"column":12},"end":{"line":37,"column":13}},"loc":{"start":{"line":37,"column":18},"end":{"line":40,"column":3}},"line":37},"4":{"name":"(anonymous_4)","decl":{"start":{"line":42,"column":25},"end":{"line":42,"column":26}},"loc":{"start":{"line":42,"column":35},"end":{"line":54,"column":3}},"line":42},"5":{"name":"(anonymous_5)","decl":{"start":{"line":52,"column":42},"end":{"line":52,"column":43}},"loc":{"start":{"line":52,"column":54},"end":{"line":52,"column":65}},"line":52},"6":{"name":"(anonymous_6)","decl":{"start":{"line":56,"column":27},"end":{"line":56,"column":28}},"loc":{"start":{"line":56,"column":33},"end":{"line":66,"column":3}},"line":56},"7":{"name":"(anonymous_7)","decl":{"start":{"line":59,"column":27},"end":{"line":59,"column":28}},"loc":{"start":{"line":59,"column":37},"end":{"line":59,"column":52}},"line":59},"8":{"name":"(anonymous_8)","decl":{"start":{"line":64,"column":27},"end":{"line":64,"column":28}},"loc":{"start":{"line":64,"column":37},"end":{"line":64,"column":52}},"line":64},"9":{"name":"(anonymous_9)","decl":{"start":{"line":68,"column":19},"end":{"line":68,"column":20}},"loc":{"start":{"line":68,"column":31},"end":{"line":80,"column":3}},"line":68},"10":{"name":"(anonymous_10)","decl":{"start":{"line":78,"column":16},"end":{"line":78,"column":17}},"loc":{"start":{"line":78,"column":29},"end":{"line":78,"column":50}},"line":78}},"branchMap":{"0":{"loc":{"start":{"line":12,"column":2},"end":{"line":14,"column":3}},"type":"if","locations":[{"start":{"line":12,"column":2},"end":{"line":14,"column":3}},{"start":{},"end":{}}],"line":12},"1":{"loc":{"start":{"line":43,"column":4},"end":{"line":46,"column":5}},"type":"if","locations":[{"start":{"line":43,"column":4},"end":{"line":46,"column":5}},{"start":{},"end":{}}],"line":43},"2":{"loc":{"start":{"line":57,"column":4},"end":{"line":60,"column":5}},"type":"if","locations":[{"start":{"line":57,"column":4},"end":{"line":60,"column":5}},{"start":{},"end":{}}],"line":57},"3":{"loc":{"start":{"line":62,"column":4},"end":{"line":65,"column":5}},"type":"if","locations":[{"start":{"line":62,"column":4},"end":{"line":65,"column":5}},{"start":{},"end":{}}],"line":62},"4":{"loc":{"start":{"line":69,"column":4},"end":{"line":69,"column":34}},"type":"if","locations":[{"start":{"line":69,"column":4},"end":{"line":69,"column":34}},{"start":{},"end":{}}],"line":69},"5":{"loc":{"start":{"line":82,"column":2},"end":{"line":84,"column":3}},"type":"if","locations":[{"start":{"line":82,"column":2},"end":{"line":84,"column":3}},{"start":{},"end":{}}],"line":82}},"s":{"0":1,"1":1,"2":49,"3":49,"4":0,"5":49,"6":1,"7":0,"8":0,"9":0,"10":0,"11":0,"12":0,"13":0,"14":0,"15":0,"16":0,"17":0,"18":0,"19":0,"20":0,"21":0,"22":0,"23":0,"24":0,"25":0,"26":0,"27":0,"28":0,"29":0,"30":0,"31":0,"32":0,"33":0,"34":0,"35":0,"36":0,"37":0,"38":0,"39":0,"40":0,"41":0,"42":0,"43":0,"44":0,"45":0,"46":0,"47":0,"48":0,"49":0,"50":0},"f":{"0":49,"1":0,"2":0,"3":0,"4":0,"5":0,"6":0,"7":0,"8":0,"9":0,"10":0},"b":{"0":[0,49],"1":[0,0],"2":[0,0],"3":[0,0],"4":[0,0],"5":[0,0]},"_coverageSchema":"1a1c01bbd47fc00a2c39e90264f33305004495a9","hash":"530dd680d336be82070d388ae2d4b516ab099a54"}
,"/media/marcus/Dados/Projetos/React/Native/coodesh-mobile/src/pages/Home/index.js": {"path":"/media/marcus/Dados/Projetos/React/Native/coodesh-mobile/src/pages/Home/index.js","statementMap":{"0":{"start":{"line":7,"column":13},"end":{"line":18,"column":1}},"1":{"start":{"line":8,"column":2},"end":{"line":17,"column":4}}},"fnMap":{"0":{"name":"(anonymous_0)","decl":{"start":{"line":7,"column":13},"end":{"line":7,"column":14}},"loc":{"start":{"line":7,"column":19},"end":{"line":18,"column":1}},"line":7}},"branchMap":{},"s":{"0":1,"1":6},"f":{"0":6},"b":{},"_coverageSchema":"1a1c01bbd47fc00a2c39e90264f33305004495a9","hash":"d07cf13f43a8f15c4a586c4ee93efa5fa5dc601a"}
,"/media/marcus/Dados/Projetos/React/Native/coodesh-mobile/src/pages/Home/styles.js": {"path":"/media/marcus/Dados/Projetos/React/Native/coodesh-mobile/src/pages/Home/styles.js","statementMap":{"0":{"start":{"line":3,"column":25},"end":{"line":10,"column":1}},"1":{"start":{"line":12,"column":21},"end":{"line":18,"column":1}},"2":{"start":{"line":20,"column":21},"end":{"line":25,"column":1}}},"fnMap":{},"branchMap":{},"s":{"0":1,"1":1,"2":1},"f":{},"b":{},"_coverageSchema":"1a1c01bbd47fc00a2c39e90264f33305004495a9","hash":"c08e121efab19c7223073079934e420fa9a9e758"}
,"/media/marcus/Dados/Projetos/React/Native/coodesh-mobile/src/services/api.js": {"path":"/media/marcus/Dados/Projetos/React/Native/coodesh-mobile/src/services/api.js","statementMap":{"0":{"start":{"line":4,"column":24},"end":{"line":4,"column":51}},"1":{"start":{"line":6,"column":19},"end":{"line":6,"column":54}},"2":{"start":{"line":8,"column":34},"end":{"line":30,"column":1}},"3":{"start":{"line":9,"column":19},"end":{"line":11,"column":4}},"4":{"start":{"line":13,"column":28},"end":{"line":13,"column":41}},"5":{"start":{"line":15,"column":2},"end":{"line":29,"column":4}},"6":{"start":{"line":16,"column":33},"end":{"line":26,"column":5}}},"fnMap":{"0":{"name":"(anonymous_0)","decl":{"start":{"line":8,"column":34},"end":{"line":8,"column":35}},"loc":{"start":{"line":8,"column":69},"end":{"line":30,"column":1}},"line":8},"1":{"name":"(anonymous_1)","decl":{"start":{"line":16,"column":22},"end":{"line":16,"column":23}},"loc":{"start":{"line":16,"column":33},"end":{"line":26,"column":5}},"line":16}},"branchMap":{"0":{"loc":{"start":{"line":21,"column":14},"end":{"line":21,"column":63}},"type":"cond-expr","locations":[{"start":{"line":21,"column":39},"end":{"line":21,"column":50}},{"start":{"line":21,"column":53},"end":{"line":21,"column":63}}],"line":21}},"s":{"0":1,"1":1,"2":1,"3":0,"4":0,"5":0,"6":0},"f":{"0":0,"1":0},"b":{"0":[0,0]},"_coverageSchema":"1a1c01bbd47fc00a2c39e90264f33305004495a9","hash":"1babf5a94a48173de03cdfea6fed5184b11735c9"}
,"/media/marcus/Dados/Projetos/React/Native/coodesh-mobile/src/utils/fakePacients.js": {"path":"/media/marcus/Dados/Projetos/React/Native/coodesh-mobile/src/utils/fakePacients.js","statementMap":{"0":{"start":{"line":1,"column":35},"end":{"line":117,"column":1}},"1":{"start":{"line":119,"column":39},"end":{"line":230,"column":1}}},"fnMap":{},"branchMap":{},"s":{"0":1,"1":1},"f":{},"b":{},"_coverageSchema":"1a1c01bbd47fc00a2c39e90264f33305004495a9","hash":"f8ee6547c5ecddd8cce4c384f58a4e4a9bfbd573"}
}
