TN:
SF:src/assets/pharma.png
FNF:0
FNH:0
DA:1,1
LF:1
LH:1
BRF:0
BRH:0
end_of_record
TN:
SF:src/components/Item/index.js
FN:15,(anonymous_0)
FN:19,(anonymous_1)
FNF:2
FNH:1
FNDA:30,(anonymous_0)
FNDA:0,(anonymous_1)
DA:15,1
DA:16,30
DA:17,30
DA:19,30
DA:20,0
DA:21,0
DA:24,30
LF:7
LH:5
BRF:0
BRH:0
end_of_record
TN:
SF:src/components/Item/styles/item.js
FNF:0
FNH:0
DA:3,1
DA:16,1
DA:20,1
DA:26,1
DA:30,1
DA:36,1
DA:42,1
LF:7
LH:7
BRF:0
BRH:0
end_of_record
TN:
SF:src/components/ListItems/index.js
FN:10,(anonymous_0)
FN:18,(anonymous_1)
FN:29,(anonymous_2)
FN:32,(anonymous_3)
FN:35,(anonymous_4)
FN:36,(anonymous_5)
FNF:6
FNH:5
FNDA:6,(anonymous_0)
FNDA:0,(anonymous_1)
FNDA:30,(anonymous_2)
FNDA:30,(anonymous_3)
FNDA:3,(anonymous_4)
FNDA:6,(anonymous_5)
DA:10,1
DA:11,6
DA:13,6
DA:15,6
DA:16,6
DA:18,6
DA:19,0
DA:22,6
DA:30,30
DA:32,30
DA:35,3
DA:42,6
DA:44,6
DA:45,3
LF:14
LH:13
BRDA:13,0,0,0
BRDA:13,0,1,6
BRDA:42,1,0,0
BRDA:42,1,1,6
BRDA:44,2,0,3
BRDA:44,2,1,3
BRF:6
BRH:4
end_of_record
TN:
SF:src/components/ListItems/styles/listItems.js
FNF:0
FNH:0
DA:3,1
DA:8,1
DA:15,1
DA:24,1
LF:4
LH:4
BRF:0
BRH:0
end_of_record
TN:
SF:src/components/Modal/index.js
FN:31,(anonymous_0)
FN:40,(anonymous_1)
FNF:2
FNH:1
FNDA:6,(anonymous_0)
FNDA:0,(anonymous_1)
DA:31,1
DA:32,6
DA:33,6
DA:40,0
LF:4
LH:3
BRF:0
BRH:0
end_of_record
TN:
SF:src/components/Modal/styles/modal.js
FNF:0
FNH:0
DA:3,1
DA:12,1
DA:18,1
DA:24,1
DA:33,1
DA:35,1
LF:6
LH:6
BRF:0
BRH:0
end_of_record
TN:
SF:src/components/Search/index.js
FN:6,(anonymous_0)
FN:11,(anonymous_1)
FN:21,(anonymous_2)
FN:31,(anonymous_3)
FNF:4
FNH:3
FNDA:7,(anonymous_0)
FNDA:0,(anonymous_1)
FNDA:1,(anonymous_2)
FNDA:1,(anonymous_3)
DA:6,1
DA:7,7
DA:9,7
DA:11,7
DA:12,0
DA:14,7
DA:21,1
DA:31,1
LF:8
LH:7
BRF:0
BRH:0
end_of_record
TN:
SF:src/components/Search/styles/search.js
FNF:0
FNH:0
DA:3,1
DA:10,1
DA:12,1
DA:16,1
LF:4
LH:4
BRF:0
BRH:0
end_of_record
TN:
SF:src/components/Splash/index.js
FN:5,(anonymous_0)
FNF:1
FNH:0
FNDA:0,(anonymous_0)
DA:5,1
DA:6,0
LF:2
LH:1
BRF:0
BRH:0
end_of_record
TN:
SF:src/components/Splash/styles/splash.js
FNF:0
FNH:0
DA:3,1
DA:9,1
LF:2
LH:2
BRF:0
BRH:0
end_of_record
TN:
SF:src/context/pacient.js
FN:10,(anonymous_0)
FN:18,(anonymous_1)
FN:26,(anonymous_2)
FN:37,(anonymous_3)
FN:42,(anonymous_4)
FN:52,(anonymous_5)
FN:56,(anonymous_6)
FN:59,(anonymous_7)
FN:64,(anonymous_8)
FN:68,(anonymous_9)
FN:78,(anonymous_10)
FNF:11
FNH:1
FNDA:49,(anonymous_0)
FNDA:0,(anonymous_1)
FNDA:0,(anonymous_2)
FNDA:0,(anonymous_3)
FNDA:0,(anonymous_4)
FNDA:0,(anonymous_5)
FNDA:0,(anonymous_6)
FNDA:0,(anonymous_7)
FNDA:0,(anonymous_8)
FNDA:0,(anonymous_9)
FNDA:0,(anonymous_10)
DA:8,1
DA:10,1
DA:11,49
DA:12,49
DA:13,0
DA:15,49
DA:18,1
DA:19,0
DA:20,0
DA:21,0
DA:22,0
DA:23,0
DA:24,0
DA:26,0
DA:27,0
DA:28,0
DA:32,0
DA:33,0
DA:34,0
DA:37,0
DA:38,0
DA:39,0
DA:42,0
DA:43,0
DA:44,0
DA:45,0
DA:47,0
DA:52,0
DA:53,0
DA:56,0
DA:57,0
DA:58,0
DA:59,0
DA:62,0
DA:63,0
DA:64,0
DA:68,0
DA:69,0
DA:71,0
DA:73,0
DA:74,0
DA:78,0
DA:79,0
DA:82,0
DA:83,0
DA:86,0
LF:46
LH:6
BRDA:12,0,0,0
BRDA:12,0,1,49
BRDA:43,1,0,0
BRDA:43,1,1,0
BRDA:57,2,0,0
BRDA:57,2,1,0
BRDA:62,3,0,0
BRDA:62,3,1,0
BRDA:69,4,0,0
BRDA:69,4,1,0
BRDA:82,5,0,0
BRDA:82,5,1,0
BRF:12
BRH:1
end_of_record
TN:
SF:src/pages/Home/index.js
FN:7,(anonymous_0)
FNF:1
FNH:1
FNDA:6,(anonymous_0)
DA:7,1
DA:8,6
LF:2
LH:2
BRF:0
BRH:0
end_of_record
TN:
SF:src/pages/Home/styles.js
FNF:0
FNH:0
DA:3,1
DA:12,1
DA:20,1
LF:3
LH:3
BRF:0
BRH:0
end_of_record
TN:
SF:src/services/api.js
FN:8,(anonymous_0)
FN:16,(anonymous_1)
FNF:2
FNH:0
FNDA:0,(anonymous_0)
FNDA:0,(anonymous_1)
DA:4,1
DA:6,1
DA:8,1
DA:9,0
DA:13,0
DA:15,0
DA:16,0
LF:7
LH:3
BRDA:21,0,0,0
BRDA:21,0,1,0
BRF:2
BRH:0
end_of_record
TN:
SF:src/utils/fakePacients.js
FNF:0
FNH:0
DA:1,1
DA:119,1
LF:2
LH:2
BRF:0
BRH:0
end_of_record
